<?xml version="1.0" encoding="UTF-8" ?>
<testsuite errors="1" failures="0" hostname="SMALPANI-T420" name="drsy.weather.app.StationQueryTest" tests="1" time="0.147" timestamp="2012-10-18T01:08:39">
  <properties>
[...]
</properties>
  <testcase classname="drsy.weather.app.StationQueryTest" name="initializationError" time="0.034">
    <error message="org/hamcrest/SelfDescribing" type="java.lang.NoClassDefFoundError">java.lang.NoClassDefFoundError: org/hamcrest/SelfDescribing
	at java.lang.ClassLoader.defineClass1(Native Method)
	at java.lang.ClassLoader.defineClassCond(Unknown Source)
	at java.lang.ClassLoader.defineClass(Unknown Source)
	at java.lang.ClassLoader.loadClass(Unknown Source)
	at java.lang.reflect.Constructor.newInstance(Unknown Source)
	at org.eclipse.ant.internal.launching.remote.EclipseDefaultExecutor.executeTargets(EclipseDefaultExecutor.java:32)
	at org.eclipse.ant.internal.launching.remote.InternalAntRunner.run(InternalAntRunner.java:424)
	at org.eclipse.ant.internal.launching.remote.InternalAntRunner.main(InternalAntRunner.java:138)
Caused by: java.lang.ClassNotFoundException: org.hamcrest.SelfDescribing
	at java.lang.ClassLoader.loadClass(Unknown Source)
</error>
  </testcase>
  <system-out><![CDATA[]]></system-out>
  <system-err><![CDATA[]]></system-err>
</testsuite>
